{"date":"2020-04-19T17:31:44.700Z","level":"info","errorCode":"","message":"{\"method\":\"POST\",\"path\":\"/users\",\"body\":{\"name\":\"TEST_USER\",\"login\":\"test_user\",\"password\":\"T35t_P@55w0rd\"},\"query\":{}}","stackTrace":""}
{"date":"2020-04-19T17:31:45.937Z","level":"info","errorCode":"","message":"{\"method\":\"DELETE\",\"path\":\"/users/1e8f6033-9bed-4727-997b-995ec61c2580\",\"body\":{},\"query\":{}}","stackTrace":""}
{"date":"2020-04-19T17:31:46.343Z","level":"error","errorCode":500,"message":"Cannot read property 'map' of null","stackTrace":"TypeError: Cannot read property 'map' of null\n    at Object.deleteUser (C:\\_data\\rsschool\\express-rest-crud\\src\\resources\\users\\user.service.js:21:13)\n    at processTicksAndRejections (internal/process/task_queues.js:97:5)\n    at async C:\\_data\\rsschool\\express-rest-crud\\src\\resources\\users\\user.router.js:49:5\n    at async C:\\_data\\rsschool\\express-rest-crud\\src\\services\\catchErrors.js:3:5"}
{"date":"2020-04-19T17:31:46.381Z","level":"info","errorCode":"","message":"{\"method\":\"POST\",\"path\":\"/users\",\"body\":{\"name\":\"TEST_USER\",\"login\":\"test_user\",\"password\":\"T35t_P@55w0rd\"},\"query\":{}}","stackTrace":""}
{"date":"2020-04-19T17:31:46.600Z","level":"info","errorCode":"","message":"{\"method\":\"POST\",\"path\":\"/boards\",\"body\":{\"title\":\"Autotest board\",\"columns\":[{\"title\":\"Backlog\",\"order\":1},{\"title\":\"Sprint\",\"order\":2}]},\"query\":{}}","stackTrace":""}
{"date":"2020-04-19T17:31:46.733Z","level":"info","errorCode":"","message":"{\"method\":\"POST\",\"path\":\"/boards/93485853-dc3e-443f-9568-2b54ec10ab51/tasks\",\"body\":{\"title\":\"Task #1\",\"order\":1,\"description\":\"Lorem ipsum\",\"userId\":\"f415bc3f-5039-4ad8-98a5-ccc77f34eda8\",\"boardId\":\"93485853-dc3e-443f-9568-2b54ec10ab51\"},\"query\":{}}","stackTrace":""}
{"date":"2020-04-19T17:31:46.745Z","level":"info","errorCode":"","message":"{\"method\":\"POST\",\"path\":\"/boards/93485853-dc3e-443f-9568-2b54ec10ab51/tasks\",\"body\":{\"title\":\"Task #2\",\"order\":2,\"description\":\"Lorem ipsum\",\"userId\":\"f415bc3f-5039-4ad8-98a5-ccc77f34eda8\",\"boardId\":\"93485853-dc3e-443f-9568-2b54ec10ab51\"},\"query\":{}}","stackTrace":""}
{"date":"2020-04-19T17:31:46.947Z","level":"info","errorCode":"","message":"{\"method\":\"DELETE\",\"path\":\"/users/f415bc3f-5039-4ad8-98a5-ccc77f34eda8\",\"body\":{},\"query\":{}}","stackTrace":""}
{"date":"2020-04-19T17:31:47.227Z","level":"error","errorCode":500,"message":"userTasks.map is not a function","stackTrace":"TypeError: userTasks.map is not a function\n    at Object.deleteUser (C:\\_data\\rsschool\\express-rest-crud\\src\\resources\\users\\user.service.js:21:13)\n    at processTicksAndRejections (internal/process/task_queues.js:97:5)\n    at async C:\\_data\\rsschool\\express-rest-crud\\src\\resources\\users\\user.router.js:49:5\n    at async C:\\_data\\rsschool\\express-rest-crud\\src\\services\\catchErrors.js:3:5"}
{"date":"2020-04-19T17:34:57.994Z","level":"info","errorCode":"","message":"{\"method\":\"POST\",\"path\":\"/users\",\"body\":{\"name\":\"TEST_USER\",\"login\":\"test_user\",\"password\":\"T35t_P@55w0rd\"},\"query\":{}}","stackTrace":""}
{"date":"2020-04-19T17:34:58.538Z","level":"info","errorCode":"","message":"{\"method\":\"DELETE\",\"path\":\"/users/59d296c1-278e-439c-afc8-fc8c2d5d426d\",\"body\":{},\"query\":{}}","stackTrace":""}
{"date":"2020-04-19T17:34:58.724Z","level":"error","errorCode":500,"message":"Cannot read property 'map' of null","stackTrace":"TypeError: Cannot read property 'map' of null\n    at Object.deleteUser (C:\\_data\\rsschool\\express-rest-crud\\src\\resources\\users\\user.service.js:21:13)\n    at processTicksAndRejections (internal/process/task_queues.js:97:5)\n    at async C:\\_data\\rsschool\\express-rest-crud\\src\\resources\\users\\user.router.js:49:5\n    at async C:\\_data\\rsschool\\express-rest-crud\\src\\services\\catchErrors.js:3:5"}
{"date":"2020-04-19T17:34:58.747Z","level":"info","errorCode":"","message":"{\"method\":\"POST\",\"path\":\"/users\",\"body\":{\"name\":\"TEST_USER\",\"login\":\"test_user\",\"password\":\"T35t_P@55w0rd\"},\"query\":{}}","stackTrace":""}
{"date":"2020-04-19T17:34:58.830Z","level":"info","errorCode":"","message":"{\"method\":\"POST\",\"path\":\"/boards\",\"body\":{\"title\":\"Autotest board\",\"columns\":[{\"title\":\"Backlog\",\"order\":1},{\"title\":\"Sprint\",\"order\":2}]},\"query\":{}}","stackTrace":""}
{"date":"2020-04-19T17:34:58.950Z","level":"info","errorCode":"","message":"{\"method\":\"POST\",\"path\":\"/boards/6f04cda1-4c92-4cc1-9b62-c1de4508c909/tasks\",\"body\":{\"title\":\"Task #1\",\"order\":1,\"description\":\"Lorem ipsum\",\"userId\":\"38fb8567-6f57-4878-8e8e-840b97d9070d\",\"boardId\":\"6f04cda1-4c92-4cc1-9b62-c1de4508c909\"},\"query\":{}}","stackTrace":""}
{"date":"2020-04-19T17:34:58.965Z","level":"info","errorCode":"","message":"{\"method\":\"POST\",\"path\":\"/boards/6f04cda1-4c92-4cc1-9b62-c1de4508c909/tasks\",\"body\":{\"title\":\"Task #2\",\"order\":2,\"description\":\"Lorem ipsum\",\"userId\":\"38fb8567-6f57-4878-8e8e-840b97d9070d\",\"boardId\":\"6f04cda1-4c92-4cc1-9b62-c1de4508c909\"},\"query\":{}}","stackTrace":""}
{"date":"2020-04-19T17:34:59.114Z","level":"info","errorCode":"","message":"{\"method\":\"DELETE\",\"path\":\"/users/38fb8567-6f57-4878-8e8e-840b97d9070d\",\"body\":{},\"query\":{}}","stackTrace":""}
{"date":"2020-04-19T17:34:59.288Z","level":"error","errorCode":500,"message":"userTasks.map is not a function","stackTrace":"TypeError: userTasks.map is not a function\n    at Object.deleteUser (C:\\_data\\rsschool\\express-rest-crud\\src\\resources\\users\\user.service.js:21:13)\n    at processTicksAndRejections (internal/process/task_queues.js:97:5)\n    at async C:\\_data\\rsschool\\express-rest-crud\\src\\resources\\users\\user.router.js:49:5\n    at async C:\\_data\\rsschool\\express-rest-crud\\src\\services\\catchErrors.js:3:5"}
{"date":"2020-04-19T17:35:52.365Z","level":"info","errorCode":"","message":"{\"method\":\"POST\",\"path\":\"/users\",\"body\":{\"name\":\"TEST_USER\",\"login\":\"test_user\",\"password\":\"T35t_P@55w0rd\"},\"query\":{}}","stackTrace":""}
{"date":"2020-04-19T17:35:52.947Z","level":"info","errorCode":"","message":"{\"method\":\"DELETE\",\"path\":\"/users/801aae16-b2dd-4379-8899-3ab93ba9c467\",\"body\":{},\"query\":{}}","stackTrace":""}
{"date":"2020-04-19T17:35:53.147Z","level":"info","errorCode":"","message":"{\"method\":\"POST\",\"path\":\"/users\",\"body\":{\"name\":\"TEST_USER\",\"login\":\"test_user\",\"password\":\"T35t_P@55w0rd\"},\"query\":{}}","stackTrace":""}
{"date":"2020-04-19T17:35:53.241Z","level":"info","errorCode":"","message":"{\"method\":\"POST\",\"path\":\"/boards\",\"body\":{\"title\":\"Autotest board\",\"columns\":[{\"title\":\"Backlog\",\"order\":1},{\"title\":\"Sprint\",\"order\":2}]},\"query\":{}}","stackTrace":""}
{"date":"2020-04-19T17:35:53.389Z","level":"info","errorCode":"","message":"{\"method\":\"POST\",\"path\":\"/boards/23cfce29-4a45-4ed1-9c78-d6643601f30c/tasks\",\"body\":{\"title\":\"Task #1\",\"order\":1,\"description\":\"Lorem ipsum\",\"userId\":\"3130c63c-9f17-45b7-b8dc-8070a72e9d9e\",\"boardId\":\"23cfce29-4a45-4ed1-9c78-d6643601f30c\"},\"query\":{}}","stackTrace":""}
{"date":"2020-04-19T17:35:53.400Z","level":"info","errorCode":"","message":"{\"method\":\"POST\",\"path\":\"/boards/23cfce29-4a45-4ed1-9c78-d6643601f30c/tasks\",\"body\":{\"title\":\"Task #2\",\"order\":2,\"description\":\"Lorem ipsum\",\"userId\":\"3130c63c-9f17-45b7-b8dc-8070a72e9d9e\",\"boardId\":\"23cfce29-4a45-4ed1-9c78-d6643601f30c\"},\"query\":{}}","stackTrace":""}
{"date":"2020-04-19T17:35:53.607Z","level":"info","errorCode":"","message":"{\"method\":\"DELETE\",\"path\":\"/users/3130c63c-9f17-45b7-b8dc-8070a72e9d9e\",\"body\":{},\"query\":{}}","stackTrace":""}
{"date":"2020-04-19T17:35:54.007Z","level":"info","errorCode":"","message":"{\"method\":\"GET\",\"path\":\"/boards/23cfce29-4a45-4ed1-9c78-d6643601f30c/tasks/305b7ec4-728a-435f-9b76-8c2096f09a72\",\"body\":{},\"query\":{}}","stackTrace":""}
{"date":"2020-04-19T17:35:54.125Z","level":"info","errorCode":"","message":"{\"method\":\"GET\",\"path\":\"/boards/23cfce29-4a45-4ed1-9c78-d6643601f30c/tasks/4512c84b-4e96-4e53-a332-353207650306\",\"body\":{},\"query\":{}}","stackTrace":""}
{"date":"2020-04-19T17:35:54.225Z","level":"info","errorCode":"","message":"{\"method\":\"DELETE\",\"path\":\"/boards/23cfce29-4a45-4ed1-9c78-d6643601f30c/tasks/4512c84b-4e96-4e53-a332-353207650306\",\"body\":{},\"query\":{}}","stackTrace":""}
{"date":"2020-04-19T17:35:54.235Z","level":"info","errorCode":"","message":"{\"method\":\"DELETE\",\"path\":\"/boards/23cfce29-4a45-4ed1-9c78-d6643601f30c/tasks/305b7ec4-728a-435f-9b76-8c2096f09a72\",\"body\":{},\"query\":{}}","stackTrace":""}
{"date":"2020-04-19T17:35:54.318Z","level":"info","errorCode":"","message":"{\"method\":\"DELETE\",\"path\":\"/boards/23cfce29-4a45-4ed1-9c78-d6643601f30c\",\"body\":{},\"query\":{}}","stackTrace":""}
{"date":"2020-04-19T17:37:12.544Z","level":"info","errorCode":"","message":"{\"method\":\"POST\",\"path\":\"/boards\",\"body\":{\"title\":\"Autotest board\",\"columns\":[{\"title\":\"Backlog\",\"order\":1},{\"title\":\"Sprint\",\"order\":2}]},\"query\":{}}","stackTrace":""}
{"date":"2020-04-19T17:37:12.565Z","level":"info","errorCode":"","message":"{\"method\":\"POST\",\"path\":\"/boards\",\"body\":{\"title\":\"Autotest board\",\"columns\":[{\"title\":\"Backlog\",\"order\":1},{\"title\":\"Sprint\",\"order\":2}]},\"query\":{}}","stackTrace":""}
{"date":"2020-04-19T17:37:12.570Z","level":"info","errorCode":"","message":"{\"method\":\"GET\",\"path\":\"/users\",\"body\":{},\"query\":{}}","stackTrace":""}
{"date":"2020-04-19T17:37:13.146Z","level":"info","errorCode":"","message":"{\"method\":\"POST\",\"path\":\"/boards/6eb18baf-4a40-4c28-8dfb-143ca37df6ac/tasks\",\"body\":{\"title\":\"Autotest task\",\"order\":0,\"description\":\"Lorem ipsum\",\"userId\":null,\"boardId\":null,\"columnId\":null},\"query\":{}}","stackTrace":""}
{"date":"2020-04-19T17:37:13.150Z","level":"info","errorCode":"","message":"{\"method\":\"GET\",\"path\":\"/boards\",\"body\":{},\"query\":{}}","stackTrace":""}
{"date":"2020-04-19T17:37:13.153Z","level":"info","errorCode":"","message":"{\"method\":\"POST\",\"path\":\"/users\",\"body\":{\"name\":\"TEST_USER\",\"login\":\"test_user\",\"password\":\"T35t_P@55w0rd\"},\"query\":{}}","stackTrace":""}
{"date":"2020-04-19T17:37:13.234Z","level":"info","errorCode":"","message":"{\"method\":\"GET\",\"path\":\"/users\",\"body\":{},\"query\":{}}","stackTrace":""}
{"date":"2020-04-19T17:37:13.236Z","level":"info","errorCode":"","message":"{\"method\":\"GET\",\"path\":\"/boards/6eb18baf-4a40-4c28-8dfb-143ca37df6ac/tasks\",\"body\":{},\"query\":{}}","stackTrace":""}
{"date":"2020-04-19T17:37:13.240Z","level":"info","errorCode":"","message":"{\"method\":\"GET\",\"path\":\"/boards\",\"body\":{},\"query\":{}}","stackTrace":""}
{"date":"2020-04-19T17:37:13.347Z","level":"info","errorCode":"","message":"{\"method\":\"GET\",\"path\":\"/users/995e46d3-73a7-4f1f-b4ca-39a4a4558280\",\"body\":{},\"query\":{}}","stackTrace":""}
{"date":"2020-04-19T17:37:13.353Z","level":"info","errorCode":"","message":"{\"method\":\"GET\",\"path\":\"/boards/6eb18baf-4a40-4c28-8dfb-143ca37df6ac/tasks\",\"body\":{},\"query\":{}}","stackTrace":""}
{"date":"2020-04-19T17:37:13.355Z","level":"info","errorCode":"","message":"{\"method\":\"GET\",\"path\":\"/boards/45e0225e-9d82-40d8-a2c8-62fd68c01eb1\",\"body\":{},\"query\":{}}","stackTrace":""}
{"date":"2020-04-19T17:37:13.439Z","level":"info","errorCode":"","message":"{\"method\":\"DELETE\",\"path\":\"/users/995e46d3-73a7-4f1f-b4ca-39a4a4558280\",\"body\":{},\"query\":{}}","stackTrace":""}
{"date":"2020-04-19T17:37:13.446Z","level":"info","errorCode":"","message":"{\"method\":\"GET\",\"path\":\"/boards/aa048e6c-425c-406b-ad74-c01ddf98332c/tasks/e81de783-f732-4229-8253-fa5ce40f4dee\",\"body\":{},\"query\":{}}","stackTrace":""}
{"date":"2020-04-19T17:37:13.451Z","level":"info","errorCode":"","message":"{\"method\":\"POST\",\"path\":\"/boards\",\"body\":{\"title\":\"Autotest board\",\"columns\":[{\"title\":\"Backlog\",\"order\":1},{\"title\":\"Sprint\",\"order\":2}]},\"query\":{}}","stackTrace":""}
{"date":"2020-04-19T17:37:13.534Z","level":"info","errorCode":"","message":"{\"method\":\"POST\",\"path\":\"/boards/6eb18baf-4a40-4c28-8dfb-143ca37df6ac/tasks\",\"body\":{\"title\":\"Autotest task\",\"order\":0,\"description\":\"Lorem ipsum\",\"userId\":null,\"boardId\":null,\"columnId\":null},\"query\":{}}","stackTrace":""}
{"date":"2020-04-19T17:37:13.554Z","level":"info","errorCode":"","message":"{\"method\":\"DELETE\",\"path\":\"/boards/4f55e406-5a50-483d-9785-bb0d458b150a\",\"body\":{},\"query\":{}}","stackTrace":""}
{"date":"2020-04-19T17:37:13.595Z","level":"info","errorCode":"","message":"{\"method\":\"POST\",\"path\":\"/users\",\"body\":{\"name\":\"TEST_USER\",\"login\":\"test_user\",\"password\":\"T35t_P@55w0rd\"},\"query\":{}}","stackTrace":""}
{"date":"2020-04-19T17:37:13.623Z","level":"info","errorCode":"","message":"{\"method\":\"DELETE\",\"path\":\"/boards/6eb18baf-4a40-4c28-8dfb-143ca37df6ac/tasks/2838dd68-bc8e-43be-8e1b-f1cc13a8e25b\",\"body\":{},\"query\":{}}","stackTrace":""}
{"date":"2020-04-19T17:37:13.692Z","level":"info","errorCode":"","message":"{\"method\":\"DELETE\",\"path\":\"/users/93adba78-7232-475b-83e9-8d77b4f6dee5\",\"body\":{},\"query\":{}}","stackTrace":""}
{"date":"2020-04-19T17:37:13.746Z","level":"info","errorCode":"","message":"{\"method\":\"POST\",\"path\":\"/boards\",\"body\":{\"title\":\"Autotest board\",\"columns\":[{\"title\":\"Backlog\",\"order\":1},{\"title\":\"Sprint\",\"order\":2}]},\"query\":{}}","stackTrace":""}
{"date":"2020-04-19T17:37:13.754Z","level":"info","errorCode":"","message":"{\"method\":\"POST\",\"path\":\"/boards/6eb18baf-4a40-4c28-8dfb-143ca37df6ac/tasks\",\"body\":{\"title\":\"Autotest task\",\"order\":0,\"description\":\"Lorem ipsum\",\"userId\":null,\"boardId\":null,\"columnId\":null},\"query\":{}}","stackTrace":""}
{"date":"2020-04-19T17:37:14.202Z","level":"info","errorCode":"","message":"{\"method\":\"PUT\",\"path\":\"/boards/426f99f6-2169-46e7-9ba7-9ebdd461cd3c\",\"body\":{\"id\":\"426f99f6-2169-46e7-9ba7-9ebdd461cd3c\",\"title\":\"Autotest updated board\",\"columns\":[{\"title\":\"Backlog\",\"order\":1,\"_id\":\"3fa1ea96-5e38-4c8c-bb36-884c1ca2a99d\"},{\"title\":\"Sprint\",\"order\":2,\"_id\":\"36420fa3-5786-428a-8ba8-26266bbb3741\"}]},\"query\":{}}","stackTrace":""}
{"date":"2020-04-19T17:37:14.233Z","level":"info","errorCode":"","message":"{\"method\":\"PUT\",\"path\":\"/boards/6eb18baf-4a40-4c28-8dfb-143ca37df6ac/tasks/7a87c9f4-f430-4f81-acd8-04e449df6fd5\",\"body\":{\"id\":\"7a87c9f4-f430-4f81-acd8-04e449df6fd5\",\"title\":\"Autotest updated task\",\"order\":0,\"description\":\"Lorem ipsum\",\"userId\":null,\"boardId\":\"6eb18baf-4a40-4c28-8dfb-143ca37df6ac\",\"columnId\":null},\"query\":{}}","stackTrace":""}
{"date":"2020-04-19T17:37:14.272Z","level":"info","errorCode":"","message":"{\"method\":\"POST\",\"path\":\"/users\",\"body\":{\"name\":\"TEST_USER\",\"login\":\"test_user\",\"password\":\"T35t_P@55w0rd\"},\"query\":{}}","stackTrace":""}
{"date":"2020-04-19T17:37:14.302Z","level":"info","errorCode":"","message":"{\"method\":\"GET\",\"path\":\"/boards/426f99f6-2169-46e7-9ba7-9ebdd461cd3c\",\"body\":{},\"query\":{}}","stackTrace":""}
{"date":"2020-04-19T17:37:14.332Z","level":"info","errorCode":"","message":"{\"method\":\"GET\",\"path\":\"/boards/6eb18baf-4a40-4c28-8dfb-143ca37df6ac/tasks/7a87c9f4-f430-4f81-acd8-04e449df6fd5\",\"body\":{},\"query\":{}}","stackTrace":""}
{"date":"2020-04-19T17:37:14.369Z","level":"info","errorCode":"","message":"{\"method\":\"PUT\",\"path\":\"/users/bfe933ff-4917-44b1-8390-8c2dd13d8108\",\"body\":{\"name\":\"Autotest updated TEST_USER\",\"login\":\"test_user\",\"password\":\"T35t_P@55w0rd\",\"id\":\"bfe933ff-4917-44b1-8390-8c2dd13d8108\"},\"query\":{}}","stackTrace":""}
{"date":"2020-04-19T17:37:14.399Z","level":"info","errorCode":"","message":"{\"method\":\"DELETE\",\"path\":\"/boards/426f99f6-2169-46e7-9ba7-9ebdd461cd3c\",\"body\":{},\"query\":{}}","stackTrace":""}
{"date":"2020-04-19T17:37:14.409Z","level":"info","errorCode":"","message":"{\"method\":\"GET\",\"path\":\"/boards/6eb18baf-4a40-4c28-8dfb-143ca37df6ac/tasks/3c08257d-a28f-4e31-8580-5cc70ba25c52\",\"body\":{},\"query\":{}}","stackTrace":""}
{"date":"2020-04-19T17:37:14.451Z","level":"info","errorCode":"","message":"{\"method\":\"GET\",\"path\":\"/users/bfe933ff-4917-44b1-8390-8c2dd13d8108\",\"body\":{},\"query\":{}}","stackTrace":""}
{"date":"2020-04-19T17:37:14.491Z","level":"info","errorCode":"","message":"{\"method\":\"DELETE\",\"path\":\"/boards/6eb18baf-4a40-4c28-8dfb-143ca37df6ac/tasks/3c08257d-a28f-4e31-8580-5cc70ba25c52\",\"body\":{},\"query\":{}}","stackTrace":""}
{"date":"2020-04-19T17:37:14.550Z","level":"info","errorCode":"","message":"{\"method\":\"DELETE\",\"path\":\"/users/bfe933ff-4917-44b1-8390-8c2dd13d8108\",\"body\":{},\"query\":{}}","stackTrace":""}
{"date":"2020-04-19T17:37:14.607Z","level":"info","errorCode":"","message":"{\"method\":\"GET\",\"path\":\"/boards\",\"body\":{},\"query\":{}}","stackTrace":""}
{"date":"2020-04-19T17:37:14.612Z","level":"info","errorCode":"","message":"{\"method\":\"GET\",\"path\":\"/boards/3c08257d-a28f-4e31-8580-5cc70ba25c52/tasks/undefined\",\"body\":{},\"query\":{}}","stackTrace":""}
{"date":"2020-04-19T17:37:14.985Z","level":"info","errorCode":"","message":"{\"method\":\"DELETE\",\"path\":\"/boards/6eb18baf-4a40-4c28-8dfb-143ca37df6ac\",\"body\":{},\"query\":{}}","stackTrace":""}
{"date":"2020-04-19T17:37:14.989Z","level":"info","errorCode":"","message":"{\"method\":\"DELETE\",\"path\":\"/boards/45e0225e-9d82-40d8-a2c8-62fd68c01eb1\",\"body\":{},\"query\":{}}","stackTrace":""}
{"date":"2020-04-19T17:37:15.011Z","level":"info","errorCode":"","message":"{\"method\":\"POST\",\"path\":\"/users\",\"body\":{\"name\":\"TEST_USER\",\"login\":\"test_user\",\"password\":\"T35t_P@55w0rd\"},\"query\":{}}","stackTrace":""}
{"date":"2020-04-19T17:37:15.091Z","level":"info","errorCode":"","message":"{\"method\":\"DELETE\",\"path\":\"/users/75b10823-2709-40e4-9782-8ecb9f9d7225\",\"body\":{},\"query\":{}}","stackTrace":""}
{"date":"2020-04-19T17:37:15.246Z","level":"info","errorCode":"","message":"{\"method\":\"GET\",\"path\":\"/boards/45e0225e-9d82-40d8-a2c8-62fd68c01eb1\",\"body\":{},\"query\":{}}","stackTrace":""}
{"date":"2020-04-19T17:37:15.603Z","level":"info","errorCode":"","message":"{\"method\":\"POST\",\"path\":\"/users\",\"body\":{\"name\":\"TEST_USER\",\"login\":\"test_user\",\"password\":\"T35t_P@55w0rd\"},\"query\":{}}","stackTrace":""}
{"date":"2020-04-19T17:37:15.609Z","level":"info","errorCode":"","message":"{\"method\":\"POST\",\"path\":\"/boards\",\"body\":{\"title\":\"Autotest board\",\"columns\":[{\"title\":\"Backlog\",\"order\":1},{\"title\":\"Sprint\",\"order\":2}]},\"query\":{}}","stackTrace":""}
{"date":"2020-04-19T17:37:15.881Z","level":"info","errorCode":"","message":"{\"method\":\"POST\",\"path\":\"/boards\",\"body\":{\"title\":\"Autotest board\",\"columns\":[{\"title\":\"Backlog\",\"order\":1},{\"title\":\"Sprint\",\"order\":2}]},\"query\":{}}","stackTrace":""}
{"date":"2020-04-19T17:37:15.900Z","level":"info","errorCode":"","message":"{\"method\":\"POST\",\"path\":\"/boards/99ada9db-d87e-46dd-a52f-f2899ad834c5/tasks\",\"body\":{\"title\":\"Task #1\",\"order\":1,\"description\":\"Lorem ipsum\",\"boardId\":\"99ada9db-d87e-46dd-a52f-f2899ad834c5\",\"userId\":null,\"columnId\":null},\"query\":{}}","stackTrace":""}
{"date":"2020-04-19T17:37:15.906Z","level":"info","errorCode":"","message":"{\"method\":\"POST\",\"path\":\"/boards/99ada9db-d87e-46dd-a52f-f2899ad834c5/tasks\",\"body\":{\"title\":\"Task #2\",\"order\":2,\"description\":\"Lorem ipsum\",\"boardId\":\"99ada9db-d87e-46dd-a52f-f2899ad834c5\",\"userId\":null,\"columnId\":null},\"query\":{}}","stackTrace":""}
{"date":"2020-04-19T17:37:15.913Z","level":"info","errorCode":"","message":"{\"method\":\"POST\",\"path\":\"/boards/99ada9db-d87e-46dd-a52f-f2899ad834c5/tasks\",\"body\":{\"title\":\"Task #3\",\"order\":3,\"description\":\"Lorem ipsum\",\"boardId\":\"99ada9db-d87e-46dd-a52f-f2899ad834c5\",\"userId\":null,\"columnId\":null},\"query\":{}}","stackTrace":""}
{"date":"2020-04-19T17:37:15.919Z","level":"info","errorCode":"","message":"{\"method\":\"POST\",\"path\":\"/boards/99ada9db-d87e-46dd-a52f-f2899ad834c5/tasks\",\"body\":{\"title\":\"Task #4\",\"order\":4,\"description\":\"Lorem ipsum\",\"boardId\":\"99ada9db-d87e-46dd-a52f-f2899ad834c5\",\"userId\":null,\"columnId\":null},\"query\":{}}","stackTrace":""}
{"date":"2020-04-19T17:37:15.925Z","level":"info","errorCode":"","message":"{\"method\":\"POST\",\"path\":\"/boards/99ada9db-d87e-46dd-a52f-f2899ad834c5/tasks\",\"body\":{\"title\":\"Task #5\",\"order\":5,\"description\":\"Lorem ipsum\",\"boardId\":\"99ada9db-d87e-46dd-a52f-f2899ad834c5\",\"userId\":null,\"columnId\":null},\"query\":{}}","stackTrace":""}
{"date":"2020-04-19T17:37:15.971Z","level":"info","errorCode":"","message":"{\"method\":\"POST\",\"path\":\"/boards/23fb88a2-6602-4283-b704-a3bb35da1178/tasks\",\"body\":{\"title\":\"Task #1\",\"order\":1,\"description\":\"Lorem ipsum\",\"userId\":\"999f194f-92a4-472f-bde2-ea360939444f\",\"boardId\":\"23fb88a2-6602-4283-b704-a3bb35da1178\"},\"query\":{}}","stackTrace":""}
{"date":"2020-04-19T17:37:15.973Z","level":"info","errorCode":"","message":"{\"method\":\"POST\",\"path\":\"/boards/23fb88a2-6602-4283-b704-a3bb35da1178/tasks\",\"body\":{\"title\":\"Task #2\",\"order\":2,\"description\":\"Lorem ipsum\",\"userId\":\"999f194f-92a4-472f-bde2-ea360939444f\",\"boardId\":\"23fb88a2-6602-4283-b704-a3bb35da1178\"},\"query\":{}}","stackTrace":""}
{"date":"2020-04-19T17:37:16.046Z","level":"info","errorCode":"","message":"{\"method\":\"GET\",\"path\":\"/boards/99ada9db-d87e-46dd-a52f-f2899ad834c5/tasks/22ccccf3-b0ad-408a-88c7-27ac8c63a496\",\"body\":{},\"query\":{}}","stackTrace":""}
{"date":"2020-04-19T17:37:16.048Z","level":"info","errorCode":"","message":"{\"method\":\"GET\",\"path\":\"/boards/99ada9db-d87e-46dd-a52f-f2899ad834c5/tasks/2a823e99-478c-4536-a204-087ecb055392\",\"body\":{},\"query\":{}}","stackTrace":""}
{"date":"2020-04-19T17:37:16.050Z","level":"info","errorCode":"","message":"{\"method\":\"GET\",\"path\":\"/boards/99ada9db-d87e-46dd-a52f-f2899ad834c5/tasks/adf0dd24-0c96-42f6-93a5-49d55fcfd7ad\",\"body\":{},\"query\":{}}","stackTrace":""}
{"date":"2020-04-19T17:37:16.052Z","level":"info","errorCode":"","message":"{\"method\":\"GET\",\"path\":\"/boards/99ada9db-d87e-46dd-a52f-f2899ad834c5/tasks/4d5052ed-7490-4417-a168-83c6667b4a31\",\"body\":{},\"query\":{}}","stackTrace":""}
{"date":"2020-04-19T17:37:16.053Z","level":"info","errorCode":"","message":"{\"method\":\"GET\",\"path\":\"/boards/99ada9db-d87e-46dd-a52f-f2899ad834c5/tasks/28409cf8-8d1b-47c0-b0d4-f095927db63f\",\"body\":{},\"query\":{}}","stackTrace":""}
{"date":"2020-04-19T17:37:16.058Z","level":"info","errorCode":"","message":"{\"method\":\"DELETE\",\"path\":\"/users/999f194f-92a4-472f-bde2-ea360939444f\",\"body\":{},\"query\":{}}","stackTrace":""}
{"date":"2020-04-19T17:37:16.129Z","level":"info","errorCode":"","message":"{\"method\":\"DELETE\",\"path\":\"/boards/99ada9db-d87e-46dd-a52f-f2899ad834c5\",\"body\":{},\"query\":{}}","stackTrace":""}
{"date":"2020-04-19T17:37:16.287Z","level":"info","errorCode":"","message":"{\"method\":\"GET\",\"path\":\"/boards/99ada9db-d87e-46dd-a52f-f2899ad834c5/tasks/22ccccf3-b0ad-408a-88c7-27ac8c63a496\",\"body\":{},\"query\":{}}","stackTrace":""}
{"date":"2020-04-19T17:37:16.289Z","level":"info","errorCode":"","message":"{\"method\":\"GET\",\"path\":\"/boards/99ada9db-d87e-46dd-a52f-f2899ad834c5/tasks/2a823e99-478c-4536-a204-087ecb055392\",\"body\":{},\"query\":{}}","stackTrace":""}
{"date":"2020-04-19T17:37:16.291Z","level":"info","errorCode":"","message":"{\"method\":\"GET\",\"path\":\"/boards/99ada9db-d87e-46dd-a52f-f2899ad834c5/tasks/adf0dd24-0c96-42f6-93a5-49d55fcfd7ad\",\"body\":{},\"query\":{}}","stackTrace":""}
{"date":"2020-04-19T17:37:16.292Z","level":"info","errorCode":"","message":"{\"method\":\"GET\",\"path\":\"/boards/99ada9db-d87e-46dd-a52f-f2899ad834c5/tasks/4d5052ed-7490-4417-a168-83c6667b4a31\",\"body\":{},\"query\":{}}","stackTrace":""}
{"date":"2020-04-19T17:37:16.293Z","level":"info","errorCode":"","message":"{\"method\":\"GET\",\"path\":\"/boards/99ada9db-d87e-46dd-a52f-f2899ad834c5/tasks/28409cf8-8d1b-47c0-b0d4-f095927db63f\",\"body\":{},\"query\":{}}","stackTrace":""}
{"date":"2020-04-19T17:37:16.349Z","level":"info","errorCode":"","message":"{\"method\":\"GET\",\"path\":\"/boards/23fb88a2-6602-4283-b704-a3bb35da1178/tasks/a22cb6ee-fc2f-48cf-a3c4-b1869f668128\",\"body\":{},\"query\":{}}","stackTrace":""}
{"date":"2020-04-19T17:37:16.751Z","level":"info","errorCode":"","message":"{\"method\":\"GET\",\"path\":\"/boards/23fb88a2-6602-4283-b704-a3bb35da1178/tasks/871a474f-caee-461d-85a9-da412261ac68\",\"body\":{},\"query\":{}}","stackTrace":""}
{"date":"2020-04-19T17:37:16.829Z","level":"info","errorCode":"","message":"{\"method\":\"DELETE\",\"path\":\"/boards/23fb88a2-6602-4283-b704-a3bb35da1178/tasks/871a474f-caee-461d-85a9-da412261ac68\",\"body\":{},\"query\":{}}","stackTrace":""}
{"date":"2020-04-19T17:37:16.834Z","level":"info","errorCode":"","message":"{\"method\":\"DELETE\",\"path\":\"/boards/23fb88a2-6602-4283-b704-a3bb35da1178/tasks/a22cb6ee-fc2f-48cf-a3c4-b1869f668128\",\"body\":{},\"query\":{}}","stackTrace":""}
{"date":"2020-04-19T17:37:16.919Z","level":"info","errorCode":"","message":"{\"method\":\"DELETE\",\"path\":\"/boards/23fb88a2-6602-4283-b704-a3bb35da1178\",\"body\":{},\"query\":{}}","stackTrace":""}
{"date":"2020-04-19T17:41:07.364Z","level":"info","errorCode":"","message":"{\"method\":\"POST\",\"path\":\"/boards\",\"body\":{\"title\":\"Autotest board\",\"columns\":[{\"title\":\"Backlog\",\"order\":1},{\"title\":\"Sprint\",\"order\":2}]},\"query\":{}}","stackTrace":""}
{"date":"2020-04-19T17:41:07.385Z","level":"info","errorCode":"","message":"{\"method\":\"POST\",\"path\":\"/boards\",\"body\":{\"title\":\"Autotest board\",\"columns\":[{\"title\":\"Backlog\",\"order\":1},{\"title\":\"Sprint\",\"order\":2}]},\"query\":{}}","stackTrace":""}
{"date":"2020-04-19T17:41:07.391Z","level":"info","errorCode":"","message":"{\"method\":\"GET\",\"path\":\"/users\",\"body\":{},\"query\":{}}","stackTrace":""}
{"date":"2020-04-19T17:41:07.927Z","level":"info","errorCode":"","message":"{\"method\":\"POST\",\"path\":\"/boards/eb986538-0bbb-47b7-b6f6-b6361a4065af/tasks\",\"body\":{\"title\":\"Autotest task\",\"order\":0,\"description\":\"Lorem ipsum\",\"userId\":null,\"boardId\":null,\"columnId\":null},\"query\":{}}","stackTrace":""}
{"date":"2020-04-19T17:41:07.935Z","level":"info","errorCode":"","message":"{\"method\":\"GET\",\"path\":\"/boards\",\"body\":{},\"query\":{}}","stackTrace":""}
{"date":"2020-04-19T17:41:07.951Z","level":"info","errorCode":"","message":"{\"method\":\"POST\",\"path\":\"/users\",\"body\":{\"name\":\"TEST_USER\",\"login\":\"test_user\",\"password\":\"T35t_P@55w0rd\"},\"query\":{}}","stackTrace":""}
{"date":"2020-04-19T17:41:08.009Z","level":"info","errorCode":"","message":"{\"method\":\"GET\",\"path\":\"/boards/eb986538-0bbb-47b7-b6f6-b6361a4065af/tasks\",\"body\":{},\"query\":{}}","stackTrace":""}
{"date":"2020-04-19T17:41:08.027Z","level":"info","errorCode":"","message":"{\"method\":\"GET\",\"path\":\"/users\",\"body\":{},\"query\":{}}","stackTrace":""}
{"date":"2020-04-19T17:41:08.033Z","level":"info","errorCode":"","message":"{\"method\":\"GET\",\"path\":\"/boards\",\"body\":{},\"query\":{}}","stackTrace":""}
{"date":"2020-04-19T17:41:08.127Z","level":"info","errorCode":"","message":"{\"method\":\"GET\",\"path\":\"/boards/eb986538-0bbb-47b7-b6f6-b6361a4065af/tasks\",\"body\":{},\"query\":{}}","stackTrace":""}
{"date":"2020-04-19T17:41:08.132Z","level":"info","errorCode":"","message":"{\"method\":\"GET\",\"path\":\"/users/59e3ddda-5bf1-495e-abef-fed5e140603d\",\"body\":{},\"query\":{}}","stackTrace":""}
{"date":"2020-04-19T17:41:08.137Z","level":"info","errorCode":"","message":"{\"method\":\"GET\",\"path\":\"/boards/91b6b51f-70f0-47dc-ba20-59778ffb5c66\",\"body\":{},\"query\":{}}","stackTrace":""}
{"date":"2020-04-19T17:41:08.208Z","level":"info","errorCode":"","message":"{\"method\":\"GET\",\"path\":\"/boards/eb986538-0bbb-47b7-b6f6-b6361a4065af/tasks/150562d0-13c5-4ebb-add4-212e1b26fd37\",\"body\":{},\"query\":{}}","stackTrace":""}
{"date":"2020-04-19T17:41:08.241Z","level":"info","errorCode":"","message":"{\"method\":\"DELETE\",\"path\":\"/users/59e3ddda-5bf1-495e-abef-fed5e140603d\",\"body\":{},\"query\":{}}","stackTrace":""}
{"date":"2020-04-19T17:41:08.252Z","level":"info","errorCode":"","message":"{\"method\":\"POST\",\"path\":\"/boards\",\"body\":{\"title\":\"Autotest board\",\"columns\":[{\"title\":\"Backlog\",\"order\":1},{\"title\":\"Sprint\",\"order\":2}]},\"query\":{}}","stackTrace":""}
{"date":"2020-04-19T17:41:08.312Z","level":"info","errorCode":"","message":"{\"method\":\"POST\",\"path\":\"/boards/eb986538-0bbb-47b7-b6f6-b6361a4065af/tasks\",\"body\":{\"title\":\"Autotest task\",\"order\":0,\"description\":\"Lorem ipsum\",\"userId\":null,\"boardId\":null,\"columnId\":null},\"query\":{}}","stackTrace":""}
{"date":"2020-04-19T17:41:08.366Z","level":"info","errorCode":"","message":"{\"method\":\"DELETE\",\"path\":\"/boards/66bf5b24-1ee0-45d4-bcd1-b76d41296a48\",\"body\":{},\"query\":{}}","stackTrace":""}
{"date":"2020-04-19T17:41:08.401Z","level":"info","errorCode":"","message":"{\"method\":\"DELETE\",\"path\":\"/boards/eb986538-0bbb-47b7-b6f6-b6361a4065af/tasks/2226dcda-1ec4-4a92-8487-d817eef7a939\",\"body\":{},\"query\":{}}","stackTrace":""}
{"date":"2020-04-19T17:41:08.427Z","level":"info","errorCode":"","message":"{\"method\":\"POST\",\"path\":\"/users\",\"body\":{\"name\":\"TEST_USER\",\"login\":\"test_user\",\"password\":\"T35t_P@55w0rd\"},\"query\":{}}","stackTrace":""}
{"date":"2020-04-19T17:41:08.480Z","level":"info","errorCode":"","message":"{\"method\":\"POST\",\"path\":\"/boards/eb986538-0bbb-47b7-b6f6-b6361a4065af/tasks\",\"body\":{\"title\":\"Autotest task\",\"order\":0,\"description\":\"Lorem ipsum\",\"userId\":null,\"boardId\":null,\"columnId\":null},\"query\":{}}","stackTrace":""}
{"date":"2020-04-19T17:41:08.512Z","level":"info","errorCode":"","message":"{\"method\":\"DELETE\",\"path\":\"/users/596f6e11-ffbc-4665-8833-923121e7770c\",\"body\":{},\"query\":{}}","stackTrace":""}
{"date":"2020-04-19T17:41:08.524Z","level":"info","errorCode":"","message":"{\"method\":\"POST\",\"path\":\"/boards\",\"body\":{\"title\":\"Autotest board\",\"columns\":[{\"title\":\"Backlog\",\"order\":1},{\"title\":\"Sprint\",\"order\":2}]},\"query\":{}}","stackTrace":""}
{"date":"2020-04-19T17:41:08.556Z","level":"info","errorCode":"","message":"{\"method\":\"PUT\",\"path\":\"/boards/eb986538-0bbb-47b7-b6f6-b6361a4065af/tasks/066e599c-034a-4d7b-b2ec-aa61f78115ba\",\"body\":{\"id\":\"066e599c-034a-4d7b-b2ec-aa61f78115ba\",\"title\":\"Autotest updated task\",\"order\":0,\"description\":\"Lorem ipsum\",\"userId\":null,\"boardId\":\"eb986538-0bbb-47b7-b6f6-b6361a4065af\",\"columnId\":null},\"query\":{}}","stackTrace":""}
{"date":"2020-04-19T17:41:08.611Z","level":"info","errorCode":"","message":"{\"method\":\"PUT\",\"path\":\"/boards/f30ebffb-1941-448a-914d-062fde4b01f9\",\"body\":{\"id\":\"f30ebffb-1941-448a-914d-062fde4b01f9\",\"title\":\"Autotest updated board\",\"columns\":[{\"title\":\"Backlog\",\"order\":1,\"_id\":\"d58cf5d3-f030-498f-baa8-a8614edb0670\"},{\"title\":\"Sprint\",\"order\":2,\"_id\":\"b9660e00-462b-4c49-8ed8-9d45f4f2f283\"}]},\"query\":{}}","stackTrace":""}
{"date":"2020-04-19T17:41:08.641Z","level":"info","errorCode":"","message":"{\"method\":\"GET\",\"path\":\"/boards/eb986538-0bbb-47b7-b6f6-b6361a4065af/tasks/066e599c-034a-4d7b-b2ec-aa61f78115ba\",\"body\":{},\"query\":{}}","stackTrace":""}
{"date":"2020-04-19T17:41:08.663Z","level":"info","errorCode":"","message":"{\"method\":\"POST\",\"path\":\"/users\",\"body\":{\"name\":\"TEST_USER\",\"login\":\"test_user\",\"password\":\"T35t_P@55w0rd\"},\"query\":{}}","stackTrace":""}
{"date":"2020-04-19T17:41:08.698Z","level":"info","errorCode":"","message":"{\"method\":\"GET\",\"path\":\"/boards/f30ebffb-1941-448a-914d-062fde4b01f9\",\"body\":{},\"query\":{}}","stackTrace":""}
{"date":"2020-04-19T17:41:08.730Z","level":"info","errorCode":"","message":"{\"method\":\"GET\",\"path\":\"/boards/eb986538-0bbb-47b7-b6f6-b6361a4065af/tasks/150562d0-13c5-4ebb-add4-212e1b26fd37\",\"body\":{},\"query\":{}}","stackTrace":""}
{"date":"2020-04-19T17:41:08.745Z","level":"info","errorCode":"","message":"{\"method\":\"PUT\",\"path\":\"/users/be89b221-64cd-44a8-bacc-6006fb88cef7\",\"body\":{\"name\":\"Autotest updated TEST_USER\",\"login\":\"test_user\",\"password\":\"T35t_P@55w0rd\",\"id\":\"be89b221-64cd-44a8-bacc-6006fb88cef7\"},\"query\":{}}","stackTrace":""}
{"date":"2020-04-19T17:41:08.775Z","level":"info","errorCode":"","message":"{\"method\":\"DELETE\",\"path\":\"/boards/f30ebffb-1941-448a-914d-062fde4b01f9\",\"body\":{},\"query\":{}}","stackTrace":""}
{"date":"2020-04-19T17:41:08.805Z","level":"info","errorCode":"","message":"{\"method\":\"DELETE\",\"path\":\"/boards/eb986538-0bbb-47b7-b6f6-b6361a4065af/tasks/150562d0-13c5-4ebb-add4-212e1b26fd37\",\"body\":{},\"query\":{}}","stackTrace":""}
{"date":"2020-04-19T17:41:08.821Z","level":"info","errorCode":"","message":"{\"method\":\"GET\",\"path\":\"/users/be89b221-64cd-44a8-bacc-6006fb88cef7\",\"body\":{},\"query\":{}}","stackTrace":""}
{"date":"2020-04-19T17:41:08.882Z","level":"info","errorCode":"","message":"{\"method\":\"GET\",\"path\":\"/boards/150562d0-13c5-4ebb-add4-212e1b26fd37/tasks/undefined\",\"body\":{},\"query\":{}}","stackTrace":""}
{"date":"2020-04-19T17:41:08.896Z","level":"info","errorCode":"","message":"{\"method\":\"DELETE\",\"path\":\"/users/be89b221-64cd-44a8-bacc-6006fb88cef7\",\"body\":{},\"query\":{}}","stackTrace":""}
{"date":"2020-04-19T17:41:08.923Z","level":"info","errorCode":"","message":"{\"method\":\"GET\",\"path\":\"/boards\",\"body\":{},\"query\":{}}","stackTrace":""}
{"date":"2020-04-19T17:41:08.958Z","level":"info","errorCode":"","message":"{\"method\":\"DELETE\",\"path\":\"/boards/eb986538-0bbb-47b7-b6f6-b6361a4065af\",\"body\":{},\"query\":{}}","stackTrace":""}
{"date":"2020-04-19T17:41:09.019Z","level":"info","errorCode":"","message":"{\"method\":\"DELETE\",\"path\":\"/boards/91b6b51f-70f0-47dc-ba20-59778ffb5c66\",\"body\":{},\"query\":{}}","stackTrace":""}
{"date":"2020-04-19T17:41:09.037Z","level":"info","errorCode":"","message":"{\"method\":\"POST\",\"path\":\"/users\",\"body\":{\"name\":\"TEST_USER\",\"login\":\"test_user\",\"password\":\"T35t_P@55w0rd\"},\"query\":{}}","stackTrace":""}
{"date":"2020-04-19T17:41:09.122Z","level":"info","errorCode":"","message":"{\"method\":\"DELETE\",\"path\":\"/users/9ddd64b3-2b90-4642-9fd3-063d32016ad1\",\"body\":{},\"query\":{}}","stackTrace":""}
{"date":"2020-04-19T17:41:09.169Z","level":"info","errorCode":"","message":"{\"method\":\"GET\",\"path\":\"/boards/91b6b51f-70f0-47dc-ba20-59778ffb5c66\",\"body\":{},\"query\":{}}","stackTrace":""}
{"date":"2020-04-19T17:41:09.248Z","level":"info","errorCode":"","message":"{\"method\":\"POST\",\"path\":\"/boards\",\"body\":{\"title\":\"Autotest board\",\"columns\":[{\"title\":\"Backlog\",\"order\":1},{\"title\":\"Sprint\",\"order\":2}]},\"query\":{}}","stackTrace":""}
{"date":"2020-04-19T17:41:09.277Z","level":"info","errorCode":"","message":"{\"method\":\"POST\",\"path\":\"/users\",\"body\":{\"name\":\"TEST_USER\",\"login\":\"test_user\",\"password\":\"T35t_P@55w0rd\"},\"query\":{}}","stackTrace":""}
{"date":"2020-04-19T17:41:09.358Z","level":"info","errorCode":"","message":"{\"method\":\"POST\",\"path\":\"/boards/1f54354a-aa92-4c48-99e7-45deaa2fbd68/tasks\",\"body\":{\"title\":\"Task #1\",\"order\":1,\"description\":\"Lorem ipsum\",\"boardId\":\"1f54354a-aa92-4c48-99e7-45deaa2fbd68\",\"userId\":null,\"columnId\":null},\"query\":{}}","stackTrace":""}
{"date":"2020-04-19T17:41:09.365Z","level":"info","errorCode":"","message":"{\"method\":\"POST\",\"path\":\"/boards/1f54354a-aa92-4c48-99e7-45deaa2fbd68/tasks\",\"body\":{\"title\":\"Task #2\",\"order\":2,\"description\":\"Lorem ipsum\",\"boardId\":\"1f54354a-aa92-4c48-99e7-45deaa2fbd68\",\"userId\":null,\"columnId\":null},\"query\":{}}","stackTrace":""}
{"date":"2020-04-19T17:41:09.370Z","level":"info","errorCode":"","message":"{\"method\":\"POST\",\"path\":\"/boards/1f54354a-aa92-4c48-99e7-45deaa2fbd68/tasks\",\"body\":{\"title\":\"Task #3\",\"order\":3,\"description\":\"Lorem ipsum\",\"boardId\":\"1f54354a-aa92-4c48-99e7-45deaa2fbd68\",\"userId\":null,\"columnId\":null},\"query\":{}}","stackTrace":""}
{"date":"2020-04-19T17:41:09.375Z","level":"info","errorCode":"","message":"{\"method\":\"POST\",\"path\":\"/boards/1f54354a-aa92-4c48-99e7-45deaa2fbd68/tasks\",\"body\":{\"title\":\"Task #4\",\"order\":4,\"description\":\"Lorem ipsum\",\"boardId\":\"1f54354a-aa92-4c48-99e7-45deaa2fbd68\",\"userId\":null,\"columnId\":null},\"query\":{}}","stackTrace":""}
{"date":"2020-04-19T17:41:09.380Z","level":"info","errorCode":"","message":"{\"method\":\"POST\",\"path\":\"/boards/1f54354a-aa92-4c48-99e7-45deaa2fbd68/tasks\",\"body\":{\"title\":\"Task #5\",\"order\":5,\"description\":\"Lorem ipsum\",\"boardId\":\"1f54354a-aa92-4c48-99e7-45deaa2fbd68\",\"userId\":null,\"columnId\":null},\"query\":{}}","stackTrace":""}
{"date":"2020-04-19T17:41:09.386Z","level":"info","errorCode":"","message":"{\"method\":\"POST\",\"path\":\"/boards\",\"body\":{\"title\":\"Autotest board\",\"columns\":[{\"title\":\"Backlog\",\"order\":1},{\"title\":\"Sprint\",\"order\":2}]},\"query\":{}}","stackTrace":""}
{"date":"2020-04-19T17:41:09.553Z","level":"info","errorCode":"","message":"{\"method\":\"GET\",\"path\":\"/boards/1f54354a-aa92-4c48-99e7-45deaa2fbd68/tasks/1cc44233-5316-407f-9b1a-4c305e5c89b7\",\"body\":{},\"query\":{}}","stackTrace":""}
{"date":"2020-04-19T17:41:09.562Z","level":"info","errorCode":"","message":"{\"method\":\"GET\",\"path\":\"/boards/1f54354a-aa92-4c48-99e7-45deaa2fbd68/tasks/395beb33-dfd8-421c-91b0-0bdc0660d9dd\",\"body\":{},\"query\":{}}","stackTrace":""}
{"date":"2020-04-19T17:41:09.568Z","level":"info","errorCode":"","message":"{\"method\":\"GET\",\"path\":\"/boards/1f54354a-aa92-4c48-99e7-45deaa2fbd68/tasks/da60ed40-9ac5-47d0-bc0f-d22c86eb3310\",\"body\":{},\"query\":{}}","stackTrace":""}
{"date":"2020-04-19T17:41:09.572Z","level":"info","errorCode":"","message":"{\"method\":\"GET\",\"path\":\"/boards/1f54354a-aa92-4c48-99e7-45deaa2fbd68/tasks/ff833fa7-d804-4a6c-a5ec-217450a473bf\",\"body\":{},\"query\":{}}","stackTrace":""}
{"date":"2020-04-19T17:41:09.575Z","level":"info","errorCode":"","message":"{\"method\":\"GET\",\"path\":\"/boards/1f54354a-aa92-4c48-99e7-45deaa2fbd68/tasks/69ccfe34-725d-4e8e-8bc1-6ba8e8effc24\",\"body\":{},\"query\":{}}","stackTrace":""}
{"date":"2020-04-19T17:41:09.578Z","level":"info","errorCode":"","message":"{\"method\":\"POST\",\"path\":\"/boards/12805e85-0cc2-4500-a34b-0e0261e77ce7/tasks\",\"body\":{\"title\":\"Task #1\",\"order\":1,\"description\":\"Lorem ipsum\",\"userId\":\"2f2d99a7-f626-49bf-b10f-cda5857c754f\",\"boardId\":\"12805e85-0cc2-4500-a34b-0e0261e77ce7\"},\"query\":{}}","stackTrace":""}
{"date":"2020-04-19T17:41:09.581Z","level":"info","errorCode":"","message":"{\"method\":\"POST\",\"path\":\"/boards/12805e85-0cc2-4500-a34b-0e0261e77ce7/tasks\",\"body\":{\"title\":\"Task #2\",\"order\":2,\"description\":\"Lorem ipsum\",\"userId\":\"2f2d99a7-f626-49bf-b10f-cda5857c754f\",\"boardId\":\"12805e85-0cc2-4500-a34b-0e0261e77ce7\"},\"query\":{}}","stackTrace":""}
{"date":"2020-04-19T17:41:09.719Z","level":"info","errorCode":"","message":"{\"method\":\"DELETE\",\"path\":\"/boards/1f54354a-aa92-4c48-99e7-45deaa2fbd68\",\"body\":{},\"query\":{}}","stackTrace":""}
{"date":"2020-04-19T17:41:09.786Z","level":"info","errorCode":"","message":"{\"method\":\"DELETE\",\"path\":\"/users/2f2d99a7-f626-49bf-b10f-cda5857c754f\",\"body\":{},\"query\":{}}","stackTrace":""}
{"date":"2020-04-19T17:41:09.889Z","level":"info","errorCode":"","message":"{\"method\":\"GET\",\"path\":\"/boards/1f54354a-aa92-4c48-99e7-45deaa2fbd68/tasks/1cc44233-5316-407f-9b1a-4c305e5c89b7\",\"body\":{},\"query\":{}}","stackTrace":""}
{"date":"2020-04-19T17:41:09.894Z","level":"info","errorCode":"","message":"{\"method\":\"GET\",\"path\":\"/boards/1f54354a-aa92-4c48-99e7-45deaa2fbd68/tasks/395beb33-dfd8-421c-91b0-0bdc0660d9dd\",\"body\":{},\"query\":{}}","stackTrace":""}
{"date":"2020-04-19T17:41:09.899Z","level":"info","errorCode":"","message":"{\"method\":\"GET\",\"path\":\"/boards/1f54354a-aa92-4c48-99e7-45deaa2fbd68/tasks/da60ed40-9ac5-47d0-bc0f-d22c86eb3310\",\"body\":{},\"query\":{}}","stackTrace":""}
{"date":"2020-04-19T17:41:09.902Z","level":"info","errorCode":"","message":"{\"method\":\"GET\",\"path\":\"/boards/1f54354a-aa92-4c48-99e7-45deaa2fbd68/tasks/ff833fa7-d804-4a6c-a5ec-217450a473bf\",\"body\":{},\"query\":{}}","stackTrace":""}
{"date":"2020-04-19T17:41:09.904Z","level":"info","errorCode":"","message":"{\"method\":\"GET\",\"path\":\"/boards/1f54354a-aa92-4c48-99e7-45deaa2fbd68/tasks/69ccfe34-725d-4e8e-8bc1-6ba8e8effc24\",\"body\":{},\"query\":{}}","stackTrace":""}
{"date":"2020-04-19T17:41:10.100Z","level":"info","errorCode":"","message":"{\"method\":\"GET\",\"path\":\"/boards/12805e85-0cc2-4500-a34b-0e0261e77ce7/tasks/16eec060-b8d1-4f5e-bd3c-b711442046a5\",\"body\":{},\"query\":{}}","stackTrace":""}
{"date":"2020-04-19T17:41:10.177Z","level":"info","errorCode":"","message":"{\"method\":\"GET\",\"path\":\"/boards/12805e85-0cc2-4500-a34b-0e0261e77ce7/tasks/914a301b-6793-4836-94b2-8a80112109c8\",\"body\":{},\"query\":{}}","stackTrace":""}
{"date":"2020-04-19T17:41:10.264Z","level":"info","errorCode":"","message":"{\"method\":\"DELETE\",\"path\":\"/boards/12805e85-0cc2-4500-a34b-0e0261e77ce7/tasks/16eec060-b8d1-4f5e-bd3c-b711442046a5\",\"body\":{},\"query\":{}}","stackTrace":""}
{"date":"2020-04-19T17:41:10.270Z","level":"info","errorCode":"","message":"{\"method\":\"DELETE\",\"path\":\"/boards/12805e85-0cc2-4500-a34b-0e0261e77ce7/tasks/914a301b-6793-4836-94b2-8a80112109c8\",\"body\":{},\"query\":{}}","stackTrace":""}
{"date":"2020-04-19T17:41:10.351Z","level":"info","errorCode":"","message":"{\"method\":\"DELETE\",\"path\":\"/boards/12805e85-0cc2-4500-a34b-0e0261e77ce7\",\"body\":{},\"query\":{}}","stackTrace":""}
